SF:lib/flutter_date_difference.dart
DA:9,1
DA:10,1
DA:14,0
DA:15,0
DA:19,0
DA:31,0
DA:48,1
DA:49,1
DA:50,1
DA:51,1
DA:52,2
DA:56,2
DA:57,1
DA:58,2
DA:59,2
DA:62,6
DA:63,5
DA:64,1
DA:65,2
DA:66,0
DA:67,5
DA:68,1
DA:70,7
DA:71,1
DA:73,6
DA:74,0
DA:75,0
DA:76,0
DA:77,0
DA:81,6
DA:82,5
DA:83,1
DA:91,1
LF:33
LH:24
end_of_record
SF:lib/locale_providers/mobile_locale.dart
DA:3,0
DA:4,0
LF:2
LH:0
end_of_record
SF:lib/flutter_date_difference_helper.dart
DA:224,0
DA:225,0
DA:226,0
DA:227,0
DA:229,0
DA:235,1
DA:236,5
DA:240,1
DA:241,4
DA:242,3
DA:248,0
DA:298,1
DA:299,3
DA:300,2
DA:301,2
DA:302,1
DA:303,0
DA:304,0
DA:305,0
DA:307,14
DA:308,2
DA:309,1
DA:311,1
DA:312,0
DA:313,0
DA:314,0
DA:316,21
DA:317,2
DA:318,1
LF:29
LH:17
end_of_record
